<?xml version="1.0" encoding="UTF-8"?>
<!-- Generated by org.testng.reporters.JUnitReportReporter -->
<testsuite skipped="0" hostname="WIN8PRO-64-18" name="IderaAutomation.Idera_copy" tests="2" failures="0" timestamp="22 Jun 2018 13:39:31 GMT" time="70.963" errors="0">
  <testcase name="compareList" time="31.235" classname="IderaAutomation.Idera_copy"/>
  <testcase name="openTable" time="39.728" classname="IderaAutomation.Idera_copy"/>
</testsuite> <!-- IderaAutomation.Idera_copy -->
