<?xml version="1.0" encoding="UTF-8"?>
<!-- Generated by org.testng.reporters.JUnitReportReporter -->
<testsuite hostname="WIN8PRO-64-18" name="IderaAutomation.Idera_copy" tests="2" failures="0" timestamp="25 Jun 2018 13:20:46 GMT" time="69.418" errors="0">
  <testcase name="compareList" time="31.141" classname="IderaAutomation.Idera_copy"/>
  <testcase name="openTable" time="38.277" classname="IderaAutomation.Idera_copy"/>
</testsuite> <!-- IderaAutomation.Idera_copy -->
